[2025-10-26 20:31:42] LOGIN SUCCESS: admin (super_admin)
[2025-10-28 18:39:57] LOGIN SUCCESS: admin (super_admin)
[2025-10-28 19:42:24] LOGIN SUCCESS: admin (super_admin)
[2025-10-31 20:02:52] LOGIN SUCCESS: admin (super_admin)
[2025-10-31 13:03:16] LOGOUT: admin
[2025-10-31 20:03:20] LOGIN SUCCESS: admin (super_admin)
[2025-10-31 13:04:23] LOGOUT: admin
[2025-10-31 20:09:23] LOGIN SUCCESS: admin (super_admin)
[2025-10-31 13:19:20] LOGOUT: admin
[2025-10-31 20:19:30] LOGIN SUCCESS: teacher (teacher)
[2025-10-31 13:19:34] LOGOUT: teacher
[2025-10-31 20:19:41] LOGIN SUCCESS: security (security)
[2025-10-31 13:19:44] LOGOUT: security
[2025-10-31 20:19:50] LOGIN SUCCESS: student (student)
[2025-10-31 13:19:53] LOGOUT: student
[2025-10-31 20:20:21] LOGIN SUCCESS: teacher (teacher)
[2025-10-31 13:26:10] LOGOUT: teacher
[2025-10-31 20:26:16] LOGIN SUCCESS: security (security)
[2025-10-31 13:26:19] LOGOUT: security
[2025-10-31 20:26:23] LOGIN SUCCESS: admin (super_admin)
[2025-10-31 13:26:26] LOGOUT: admin
[2025-10-31 20:26:32] LOGIN SUCCESS: do_staff (discipline_office)
[2025-10-31 13:26:35] LOGOUT: do_staff
[2025-10-31 20:26:41] LOGIN SUCCESS: student (student)
[2025-10-31 13:26:44] LOGOUT: student
[2025-10-31 20:27:13] LOGIN SUCCESS: admin (super_admin)
[2025-10-31 13:32:04] LOGOUT: admin
[2025-10-31 20:32:10] LOGIN SUCCESS: teacher (teacher)
[2025-10-31 13:32:34] LOGOUT: teacher
[2025-10-31 20:32:40] LOGIN SUCCESS: security (security)
[2025-10-31 13:32:44] LOGOUT: security
[2025-10-31 20:33:14] LOGIN SUCCESS: security (security)
[2025-10-31 13:33:17] LOGOUT: security
[2025-10-31 20:33:22] LOGIN SUCCESS: student (student)
[2025-10-31 13:33:25] LOGOUT: student
[2025-10-31 20:37:35] LOGIN FAILED: Invalid credentials for 'developer' from IP: ::1
[2025-10-31 20:37:43] LOGIN FAILED: Invalid credentials for 'developer' from IP: ::1
[2025-10-31 20:39:30] LOGIN FAILED: Invalid credentials for 'developer' from IP: ::1
[2025-10-31 20:39:38] LOGIN FAILED: Invalid credentials for 'developer' from IP: ::1
[2025-10-31 20:41:53] LOGIN SUCCESS: dev (super_admin)
[2025-10-31 13:42:00] LOGOUT: dev
[2025-10-31 20:53:44] LOGIN SUCCESS: admin (super_admin)
[2025-11-01 16:59:30] LOGIN SUCCESS: admin (super_admin)
[2025-11-01 16:59:41] LOGIN SUCCESS: admin (super_admin)
[2025-11-01 17:21:47] LOGIN SUCCESS: admin (super_admin)
[2025-11-01 17:29:09] LOGIN SUCCESS: admin (super_admin)
[2025-11-01 17:32:38] LOGIN SUCCESS: admin (super_admin)
[2025-11-01 17:33:31] LOGIN SUCCESS: admin (super_admin)
[2025-11-01 17:47:53] LOGIN SUCCESS: admin (super_admin)
[2025-11-01 17:48:47] LOGIN SUCCESS: admin (super_admin)
[2025-11-01 17:55:25] LOGIN SUCCESS: admin (super_admin)
[2025-11-01 18:02:42] LOGIN SUCCESS: admin (super_admin)
[2025-11-01 18:17:05] LOGIN SUCCESS: admin (super_admin)
[2025-11-01 19:11:56] LOGIN SUCCESS: admin (super_admin)
[2025-11-01 19:35:15] LOGIN SUCCESS: student (student)
[2025-11-01 19:35:25] LOGIN SUCCESS: admin (super_admin)
[2025-11-01 20:17:04] LOGIN SUCCESS: admin (super_admin)
[2025-11-05 16:50:09] LOGIN SUCCESS: admin (super_admin)
[2025-11-06 21:52:11] LOGIN SUCCESS: admin (super_admin)
[2025-11-09 10:13:17] LOGIN SUCCESS: admin (super_admin)
[2025-11-09 10:14:35] LOGIN SUCCESS: admin (super_admin)
[2025-11-09 10:15:22] LOGIN SUCCESS: teacher (teacher)
[2025-11-09 10:41:39] LOGIN SUCCESS: security (security)
[2025-11-09 10:41:52] LOGIN SUCCESS: student (student)
[2025-11-09 10:45:14] LOGIN SUCCESS: teacher (teacher)
[2025-11-09 10:46:18] LOGIN SUCCESS: security (security)
[2025-11-09 10:50:11] LOGIN SUCCESS: security (security)
[2025-11-09 10:50:23] LOGIN SUCCESS: student (student)
[2025-11-09 10:58:35] LOGIN SUCCESS: admin (super_admin)
[2025-11-09 11:09:53] LOGIN SUCCESS: security (security)
[2025-11-09 11:10:12] LOGIN SUCCESS: teacher (teacher)
[2025-11-09 11:10:21] LOGIN SUCCESS: student (student)
[2025-11-12 13:52:46] LOGIN SUCCESS: security (security)
[2025-11-14 13:14:57] LOGIN SUCCESS: admin (super_admin)
[2025-11-14 13:44:43] LOGIN SUCCESS: admin (super_admin)
[2025-11-14 14:06:27] LOGIN SUCCESS: admin (super_admin)
[2025-11-14 14:20:16] LOGIN SUCCESS: admin (super_admin)
[2025-11-14 14:25:42] LOGIN SUCCESS: student (student)
[2025-11-14 14:26:36] LOGIN SUCCESS: admin (super_admin)
[2025-11-14 14:30:06] LOGIN SUCCESS: student (student)
[2025-11-14 14:30:27] LOGIN SUCCESS: admin (super_admin)
[2025-11-14 14:30:35] LOGIN SUCCESS: student (student)
[2025-11-14 14:40:36] LOGIN SUCCESS: teacher (teacher)
[2025-11-14 14:40:48] LOGIN SUCCESS: student (student)
[2025-11-14 15:17:54] LOGIN SUCCESS: admin (super_admin)
[2025-11-14 18:46:42] LOGIN SUCCESS: security (security)
[2025-11-14 18:56:25] LOGIN SUCCESS: do_staff (discipline_office)
[2025-11-14 20:13:22] LOGIN SUCCESS: admin (super_admin)
[2026-01-29 14:07:01] LOGIN SUCCESS: admin (super_admin)
[2026-01-29 14:13:27] LOGIN SUCCESS: admin (super_admin)
[2026-01-29 14:28:17] LOGIN SUCCESS: student (student)
[2026-01-29 14:28:28] LOGIN SUCCESS: security (security)
[2026-01-29 14:28:54] LOGIN FAILED: Invalid credentials for 'teacher' from IP: ::1
[2026-01-29 14:28:58] LOGIN SUCCESS: teacher (teacher)
[2026-01-29 14:31:45] LOGIN FAILED: Invalid credentials for 'developer' from IP: ::1
[2026-01-29 14:37:18] LOGIN SUCCESS: admin (super_admin)
[2026-01-29 15:47:35] LOGIN FAILED: Invalid credentials for 'admin' from IP: ::1
[2026-01-29 15:47:39] LOGIN SUCCESS: admin (super_admin)
[2026-01-29 18:01:45] LOGIN SUCCESS: admin (super_admin)
[2026-02-03 18:29:46] LOGIN SUCCESS: admin (super_admin)
[2026-02-03 20:03:22] LOGIN SUCCESS: admin (super_admin)
[2026-02-05 18:11:13] LOGIN SUCCESS: admin (super_admin)
[2026-02-05 18:29:58] LOGIN SUCCESS: student (student)
[2026-02-05 18:31:16] LOGIN SUCCESS: student (student)
[2026-02-05 18:31:26] LOGIN FAILED: Invalid credentials for 'admin' from IP: ::1
[2026-02-05 18:31:31] LOGIN FAILED: Invalid credentials for 'admin' from IP: ::1
[2026-02-05 18:31:36] LOGIN SUCCESS: admin (super_admin)
[2026-02-11 17:13:05] LOGIN FAILED: Invalid credentials for 'admin' from IP: ::1
[2026-02-11 17:13:11] LOGIN SUCCESS: admin (super_admin)
[2026-02-11 17:15:19] LOGIN SUCCESS: student (student)
[2026-02-11 17:19:55] LOGIN SUCCESS: teacher (teacher)
[2026-02-11 17:21:21] LOGIN SUCCESS: admin (super_admin)
[2026-02-11 17:22:22] LOGIN SUCCESS: teacher (teacher)
[2026-02-11 17:39:11] LOGIN SUCCESS: admin (super_admin)
[2026-02-11 17:40:28] LOGIN SUCCESS: teacher (teacher)
[2026-02-11 17:41:26] LOGIN SUCCESS: admin (super_admin)
[2026-02-11 17:41:46] LOGIN SUCCESS: teacher (teacher)
[2026-02-11 17:57:23] LOGIN SUCCESS: admin (super_admin)
[2026-02-11 17:58:10] LOGIN SUCCESS: do_staff (discipline_office)
[2026-02-11 17:59:44] LOGIN SUCCESS: teacher (teacher)
[2026-02-11 18:02:14] LOGIN SUCCESS: admin (super_admin)
[2026-02-11 18:02:32] LOGIN SUCCESS: do_staff (discipline_office)
[2026-02-11 18:08:31] LOGIN SUCCESS: teacher (teacher)
[2026-02-11 18:08:54] LOGIN SUCCESS: admin (super_admin)
[2026-02-18 16:21:27] LOGIN SUCCESS: admin (super_admin)
[2026-02-18 16:22:07] LOGIN FAILED: Invalid credentials for 'admin@sti.edu' from IP: ::1
[2026-02-18 16:22:13] LOGIN SUCCESS: admin (super_admin)
[2026-02-18 17:19:30] LOGIN SUCCESS: admin (super_admin)
[2026-02-18 17:20:09] LOGIN FAILED: Invalid credentials for 'admin@sti.edu' from IP: ::1
[2026-02-18 17:20:14] LOGIN SUCCESS: admin (super_admin)
[2026-02-18 17:26:48] LOGIN SUCCESS: paras@sti.edu (student)
[2026-02-18 17:27:14] LOGIN SUCCESS: admin (super_admin)
[2026-02-18 17:28:45] LOGIN SUCCESS: niksrp21@gmail.com (super_admin)
[2026-02-18 17:28:59] LOGIN SUCCESS: admin (super_admin)
[2026-02-18 17:32:47] LOGIN SUCCESS: admin (super_admin)
[2026-02-18 17:36:55] LOGIN SUCCESS: paras.372349@sti.edu (student)
[2026-02-18 17:37:03] LOGIN SUCCESS: admin (super_admin)
[2026-02-18 17:41:22] LOGIN SUCCESS: admin (super_admin)
[2026-02-18 18:16:50] LOGIN SUCCESS: keaneparas@sti.edu (teacher)
[2026-02-18 18:17:01] LOGIN SUCCESS: admin (super_admin)
[2026-02-18 21:52:25] LOGIN SUCCESS: admin (super_admin)
[2026-02-18 22:11:26] LOGIN SUCCESS: teacher (teacher)
[2026-02-18 22:11:49] LOGIN SUCCESS: admin (super_admin)
[2026-02-24 17:25:59] LOGIN SUCCESS: student (student)
[2026-02-24 17:26:25] LOGIN SUCCESS: admin (super_admin)
[2026-02-24 17:27:20] LOGIN SUCCESS: paras.372350@sti.edu (student)
[2026-02-24 17:28:10] LOGIN SUCCESS: admin (super_admin)
[2026-02-24 17:28:28] LOGIN SUCCESS: paras.372350@sti.edu (student)
[2026-02-24 18:01:58] LOGIN SUCCESS: paras.372350@sti.edu (student)
[2026-02-24 18:02:09] LOGIN SUCCESS: student (student)
[2026-02-24 18:02:40] LOGIN SUCCESS: paras.372350@sti.edu (student)
[2026-02-24 18:09:17] LOGIN SUCCESS: admin (super_admin)
[2026-02-24 18:10:10] LOGIN SUCCESS: paras.372350@sti.edu (student)
[2026-02-24 18:15:03] LOGIN SUCCESS: admin (super_admin)
[2026-02-24 18:15:17] LOGIN SUCCESS: security (security)
[2026-02-24 18:15:36] LOGIN SUCCESS: admin (super_admin)
[2026-02-24 18:15:46] LOGIN SUCCESS: paras.372350@sti.edu (student)
[2026-02-24 18:17:29] LOGIN FAILED: Invalid credentials for 'teacher' from IP: ::1
[2026-02-24 18:17:34] LOGIN SUCCESS: teacher (teacher)
[2026-02-24 18:17:47] LOGIN SUCCESS: paras.372350@sti.edu (student)
[2026-02-24 18:19:34] LOGIN SUCCESS: admin (super_admin)
[2026-02-24 18:20:37] LOGIN SUCCESS: paras.372350@sti.edu (student)
[2026-02-24 18:21:04] LOGIN SUCCESS: teacher (teacher)
[2026-02-24 18:21:22] LOGIN SUCCESS: paras.372350@sti.edu (student)
[2026-02-24 18:22:37] LOGIN SUCCESS: teacher (teacher)
[2026-02-24 18:22:53] LOGIN SUCCESS: paras.372350@sti.edu (student)
[2026-02-24 18:24:36] LOGIN SUCCESS: teacher (teacher)
[2026-02-24 18:24:56] LOGIN SUCCESS: paras.372350@sti.edu (student)
[2026-02-24 18:26:45] LOGIN SUCCESS: admin (super_admin)
[2026-02-24 18:27:18] LOGIN SUCCESS: paras.372350@sti.edu (student)
[2026-02-24 18:27:19] LOGIN SUCCESS: paras.372350@sti.edu (student)
[2026-02-24 18:30:14] LOGIN SUCCESS: admin (super_admin)
[2026-02-24 19:06:08] LOGIN SUCCESS: admin (super_admin)
[2026-02-24 19:07:56] LOGIN SUCCESS: aquino.000031@sti.edu (student)
[2026-02-25 00:34:00] LOGIN SUCCESS: admin (super_admin)
[2026-02-25 00:34:00] LOGIN SUCCESS: admin (super_admin)
[2026-02-25 14:57:30] LOGIN SUCCESS: admin (super_admin)
[2026-02-25 14:57:30] LOGIN SUCCESS: admin (super_admin)
[2026-02-25 15:12:03] LOGIN SUCCESS: maria.santos@sti.edu (teacher)
[2026-02-25 15:12:14] LOGIN SUCCESS: admin (super_admin)
[2026-02-25 16:39:14] LOGIN SUCCESS: teacher (teacher)
[2026-02-25 16:51:39] LOGIN SUCCESS: admin (super_admin)
[2026-02-25 16:52:05] LOGIN FAILED: Invalid credentials for 'teacher' from IP: ::1
[2026-02-25 16:52:10] LOGIN SUCCESS: teacher (teacher)
[2026-02-25 17:02:40] LOGIN SUCCESS: admin (super_admin)
[2026-02-25 17:03:06] LOGIN SUCCESS: teacher (teacher)
[2026-02-25 17:03:20] LOGIN SUCCESS: admin (super_admin)
[2026-02-25 17:03:52] LOGIN SUCCESS: teacher (teacher)
[2026-02-25 17:10:16] LOGIN SUCCESS: admin (super_admin)
[2026-02-25 17:11:27] LOGIN SUCCESS: admin (super_admin)
[2026-02-25 17:13:18] LOGIN SUCCESS: perez.000027@sti.edu (student)
[2026-03-03 18:17:33] LOGIN SUCCESS: admin (super_admin)
[2026-03-03 18:18:30] LOGIN SUCCESS: teacher (teacher)
[2026-03-03 18:29:59] LOGIN SUCCESS: admin (super_admin)
[2026-03-03 18:33:49] LOGIN SUCCESS: teacher (teacher)
[2026-03-03 18:34:07] LOGIN SUCCESS: admin (super_admin)
[2026-03-03 18:36:58] LOGIN SUCCESS: teacher (teacher)
[2026-03-03 18:37:52] LOGIN SUCCESS: student (student)
[2026-03-03 18:46:51] LOGIN SUCCESS: admin (super_admin)
[2026-03-03 18:51:18] LOGIN SUCCESS: student (student)
[2026-03-03 18:51:37] LOGIN FAILED: Invalid credentials for 'aquino.000031@sti.edu' from IP: ::1
[2026-03-03 18:51:45] LOGIN FAILED: Invalid credentials for 'aquino.000031@sti.edu' from IP: ::1
[2026-03-03 18:51:51] LOGIN FAILED: Invalid credentials for 'aquino.000031@sti.edu' from IP: ::1
[2026-03-03 18:51:59] LOGIN FAILED: Invalid credentials for 'admin' from IP: ::1
[2026-03-03 18:52:09] LOGIN SUCCESS: admin (super_admin)
[2026-03-03 18:52:17] LOGIN FAILED: Invalid credentials for 'aquino.000031@sti.edu' from IP: ::1
[2026-03-03 18:52:24] LOGIN FAILED: Invalid credentials for 'aquino.000031@sti.edu' from IP: ::1
[2026-03-03 18:52:37] LOGIN FAILED: Invalid credentials for 'aquino.000031@sti.edu' from IP: ::1
[2026-03-03 18:52:45] LOGIN SUCCESS: admin (super_admin)
[2026-03-03 18:53:49] LOGIN SUCCESS: aquino.000031@sti.edu (student)
[2026-03-03 19:13:02] LOGIN FAILED: Invalid credentials for 'aquino.000031@sti.edu' from IP: ::1
[2026-03-03 19:13:11] LOGIN SUCCESS: aquino.000031@sti.edu (student)
[2026-03-03 19:13:16] LOGIN SUCCESS: admin (super_admin)
[2026-03-03 19:13:42] LOGIN SUCCESS: aquino.000031@sti.edu (student)
[2026-03-03 19:17:12] LOGIN SUCCESS: aquino.000031@sti.edu (student)
[2026-03-03 19:24:10] LOGIN SUCCESS: aquino.000031@sti.edu (student)
[2026-03-03 19:32:40] LOGIN FAILED: Invalid credentials for 'admin@sti.edu' from IP: ::1
[2026-03-03 19:32:45] LOGIN SUCCESS: admin (super_admin)
[2026-03-03 19:33:41] LOGIN SUCCESS: roberto.lim@sti.edu (teacher)
[2026-03-03 19:35:09] LOGIN SUCCESS: rivera.000034@sti.edu (student)
[2026-03-03 19:35:21] LOGIN SUCCESS: admin (super_admin)
[2026-03-03 19:35:35] LOGIN SUCCESS: admin (super_admin)
[2026-03-03 19:35:46] LOGIN SUCCESS: jose.reyes@sti.edu (teacher)
[2026-03-03 19:38:16] LOGIN SUCCESS: admin (super_admin)
[2026-03-03 19:38:39] LOGIN SUCCESS: jose.reyes@sti.edu (teacher)
[2026-03-03 19:38:53] LOGIN SUCCESS: aquino.000031@sti.edu (student)
